[   INFO] [2019-07-03 11:01:36,871] [4435396032] [HTMLReport.py(101)] - 预计并发线程数：3
[   INFO] [2019-07-03 11:01:36,871] [123145539014656] [Result.py(48)] - 开始测试： test_fulid (paramunittest.SpuForFulidCase_0)
[  DEBUG] [2019-07-03 11:01:36,880] [123145539014656] [connectionpool.py(813)] - Starting new HTTPS connection (1): ralphlauren-dev-api.dev.casaba.tech:443
[  DEBUG] [2019-07-03 11:01:37,442] [123145539014656] [connectionpool.py(393)] - https://ralphlauren-dev-api.dev.casaba.tech:443 "POST /apis/rlp/product/list/validate/detail/validateSkus.do HTTP/1.1" 200 None
[   INFO] [2019-07-03 11:01:37,447] [123145539014656] [Result.py(106)] - 测试执行通过： test_fulid (paramunittest.SpuForFulidCase_0)
[   INFO] [2019-07-03 11:01:37,448] [123145539014656] [Result.py(59)] - 测试结束： test_fulid (paramunittest.SpuForFulidCase_0)
[   INFO] [2019-07-03 11:01:37,448] [123145539014656] [Result.py(61)] - 耗时： 0.03695499999999996
[   INFO] [2019-07-03 11:01:37,448] [123145539014656] [Result.py(48)] - 开始测试： test_fulid (paramunittest.SpuForFulidCase_1)
[  DEBUG] [2019-07-03 11:01:37,450] [123145539014656] [connectionpool.py(813)] - Starting new HTTPS connection (1): ralphlauren-dev-api.dev.casaba.tech:443
[  DEBUG] [2019-07-03 11:01:37,709] [123145539014656] [connectionpool.py(393)] - https://ralphlauren-dev-api.dev.casaba.tech:443 "POST /apis/rlp/product/list/validate/detail/validateSkus.do HTTP/1.1" 200 None
[   INFO] [2019-07-03 11:01:37,714] [123145539014656] [Result.py(106)] - 测试执行通过： test_fulid (paramunittest.SpuForFulidCase_1)
[   INFO] [2019-07-03 11:01:37,715] [123145539014656] [Result.py(59)] - 测试结束： test_fulid (paramunittest.SpuForFulidCase_1)
[   INFO] [2019-07-03 11:01:37,715] [123145539014656] [Result.py(61)] - 耗时： 0.028548000000000018
[   INFO] [2019-07-03 11:01:39,874] [4435396032] [HTMLReport.py(130)] - 
Pass	test_fulid (paramunittest.SpuForFulidCase_0)
Pass	test_fulid (paramunittest.SpuForFulidCase_1)

[   INFO] [2019-07-03 11:01:39,876] [4435396032] [HTMLReport.py(151)] - 
测试结束！
运行时间: 0:00:03.002862
共计执行用例数量：2
执行成功用例数量：2
执行失败用例数量：0
跳过执行用例数量：0
产生异常用例数量：0
[   INFO] [2019-07-03 11:01:39,876] [4435396032] [runner.py(74)] - ********TEST END*********
[   INFO] [2019-07-03 11:01:39,877] [4435396032] [runner.py(79)] - Doesn't send report email to developer.
